app/(auth)/register/page.tsx(3,24): error TS2307: Cannot find module '../layout' or its corresponding type declarations.
app/playground/page.tsx(15,10): error TS2724: '"@/shared/ui/cards/child-profile-card"' has no exported member named 'ChildrenProfileCard'. Did you mean 'ChildProfileCard'?
